running egg_info
creating ../build/robo_project_pkg/robo_project_pkg.egg-info
writing ../build/robo_project_pkg/robo_project_pkg.egg-info/PKG-INFO
writing dependency_links to ../build/robo_project_pkg/robo_project_pkg.egg-info/dependency_links.txt
writing requirements to ../build/robo_project_pkg/robo_project_pkg.egg-info/requires.txt
writing top-level names to ../build/robo_project_pkg/robo_project_pkg.egg-info/top_level.txt
writing manifest file '../build/robo_project_pkg/robo_project_pkg.egg-info/SOURCES.txt'
reading manifest file '../build/robo_project_pkg/robo_project_pkg.egg-info/SOURCES.txt'
writing manifest file '../build/robo_project_pkg/robo_project_pkg.egg-info/SOURCES.txt'
running build
running build_py
creating /Users/srijanaraut/Desktop/robo_project/build/robo_project_pkg/build/lib/robo_project_pkg
copying robo_project_pkg/__init__.py -> /Users/srijanaraut/Desktop/robo_project/build/robo_project_pkg/build/lib/robo_project_pkg
running install
running install_lib
creating /Users/srijanaraut/Desktop/robo_project/install/robo_project_pkg/lib/python3.11/site-packages/robo_project_pkg
copying /Users/srijanaraut/Desktop/robo_project/build/robo_project_pkg/build/lib/robo_project_pkg/__init__.py -> /Users/srijanaraut/Desktop/robo_project/install/robo_project_pkg/lib/python3.11/site-packages/robo_project_pkg
byte-compiling /Users/srijanaraut/Desktop/robo_project/install/robo_project_pkg/lib/python3.11/site-packages/robo_project_pkg/__init__.py to __init__.cpython-311.pyc
running install_data
creating /Users/srijanaraut/Desktop/robo_project/install/robo_project_pkg/share/robo_project_pkg/launch
creating /Users/srijanaraut/Desktop/robo_project/install/robo_project_pkg/share/robo_project_pkg/urdf
creating /Users/srijanaraut/Desktop/robo_project/install/robo_project_pkg/share/ament_index/resource_index/packages
copying resource/robo_project_pkg -> /Users/srijanaraut/Desktop/robo_project/install/robo_project_pkg/share/ament_index/resource_index/packages
copying package.xml -> /Users/srijanaraut/Desktop/robo_project/install/robo_project_pkg/share/robo_project_pkg
running install_egg_info
Copying ../build/robo_project_pkg/robo_project_pkg.egg-info to /Users/srijanaraut/Desktop/robo_project/install/robo_project_pkg/lib/python3.11/site-packages/robo_project_pkg-0.1.0-py3.11.egg-info
running install_scripts
writing list of installed files to '/Users/srijanaraut/Desktop/robo_project/build/robo_project_pkg/install.log'
