[0.512s] Invoking command in '/Users/srijanaraut/Desktop/robo_project/robo_project_pkg': CONDA_PROMPT_MODIFIER=(ros) PYTHONPATH=/Users/srijanaraut/Desktop/robo_project/build/robo_project_pkg/prefix_override:/opt/homebrew/Caskroom/miniconda/base/envs/ros/lib/python3.11/site-packages/colcon_core/task/python/colcon_distutils_commands:/Users/srijanaraut/Desktop/robo_project/install/robo_project_pkg/lib/python3.11/site-packages:${PYTHONPATH} SHLVL=4 _=/opt/homebrew/Caskroom/miniconda/base/envs/ros/bin/env /opt/homebrew/Caskroom/miniconda/base/envs/ros/bin/python3.11 -W ignore:setup.py install is deprecated -W ignore:easy_install command is deprecated setup.py egg_info --egg-base ../build/robo_project_pkg build --build-base /Users/srijanaraut/Desktop/robo_project/build/robo_project_pkg/build install --record /Users/srijanaraut/Desktop/robo_project/build/robo_project_pkg/install.log --single-version-externally-managed install_data
[0.631s] running egg_info
[0.636s] creating ../build/robo_project_pkg/robo_project_pkg.egg-info
[0.637s] writing ../build/robo_project_pkg/robo_project_pkg.egg-info/PKG-INFO
[0.637s] writing dependency_links to ../build/robo_project_pkg/robo_project_pkg.egg-info/dependency_links.txt
[0.637s] writing requirements to ../build/robo_project_pkg/robo_project_pkg.egg-info/requires.txt
[0.637s] writing top-level names to ../build/robo_project_pkg/robo_project_pkg.egg-info/top_level.txt
[0.637s] writing manifest file '../build/robo_project_pkg/robo_project_pkg.egg-info/SOURCES.txt'
[0.650s] reading manifest file '../build/robo_project_pkg/robo_project_pkg.egg-info/SOURCES.txt'
[0.651s] writing manifest file '../build/robo_project_pkg/robo_project_pkg.egg-info/SOURCES.txt'
[0.651s] running build
[0.651s] running build_py
[0.651s] creating /Users/srijanaraut/Desktop/robo_project/build/robo_project_pkg/build/lib/robo_project_pkg
[0.651s] copying robo_project_pkg/__init__.py -> /Users/srijanaraut/Desktop/robo_project/build/robo_project_pkg/build/lib/robo_project_pkg
[0.651s] running install
[0.654s] running install_lib
[0.661s] creating /Users/srijanaraut/Desktop/robo_project/install/robo_project_pkg/lib/python3.11/site-packages/robo_project_pkg
[0.662s] copying /Users/srijanaraut/Desktop/robo_project/build/robo_project_pkg/build/lib/robo_project_pkg/__init__.py -> /Users/srijanaraut/Desktop/robo_project/install/robo_project_pkg/lib/python3.11/site-packages/robo_project_pkg
[0.662s] byte-compiling /Users/srijanaraut/Desktop/robo_project/install/robo_project_pkg/lib/python3.11/site-packages/robo_project_pkg/__init__.py to __init__.cpython-311.pyc
[0.662s] running install_data
[0.662s] creating /Users/srijanaraut/Desktop/robo_project/install/robo_project_pkg/share/robo_project_pkg/launch
[0.662s] creating /Users/srijanaraut/Desktop/robo_project/install/robo_project_pkg/share/robo_project_pkg/urdf
[0.662s] creating /Users/srijanaraut/Desktop/robo_project/install/robo_project_pkg/share/ament_index/resource_index/packages
[0.663s] copying resource/robo_project_pkg -> /Users/srijanaraut/Desktop/robo_project/install/robo_project_pkg/share/ament_index/resource_index/packages
[0.663s] copying package.xml -> /Users/srijanaraut/Desktop/robo_project/install/robo_project_pkg/share/robo_project_pkg
[0.663s] running install_egg_info
[0.671s] Copying ../build/robo_project_pkg/robo_project_pkg.egg-info to /Users/srijanaraut/Desktop/robo_project/install/robo_project_pkg/lib/python3.11/site-packages/robo_project_pkg-0.1.0-py3.11.egg-info
[0.673s] running install_scripts
[0.689s] writing list of installed files to '/Users/srijanaraut/Desktop/robo_project/build/robo_project_pkg/install.log'
[0.702s] Invoked command in '/Users/srijanaraut/Desktop/robo_project/robo_project_pkg' returned '0': CONDA_PROMPT_MODIFIER=(ros) PYTHONPATH=/Users/srijanaraut/Desktop/robo_project/build/robo_project_pkg/prefix_override:/opt/homebrew/Caskroom/miniconda/base/envs/ros/lib/python3.11/site-packages/colcon_core/task/python/colcon_distutils_commands:/Users/srijanaraut/Desktop/robo_project/install/robo_project_pkg/lib/python3.11/site-packages:${PYTHONPATH} SHLVL=4 _=/opt/homebrew/Caskroom/miniconda/base/envs/ros/bin/env /opt/homebrew/Caskroom/miniconda/base/envs/ros/bin/python3.11 -W ignore:setup.py install is deprecated -W ignore:easy_install command is deprecated setup.py egg_info --egg-base ../build/robo_project_pkg build --build-base /Users/srijanaraut/Desktop/robo_project/build/robo_project_pkg/build install --record /Users/srijanaraut/Desktop/robo_project/build/robo_project_pkg/install.log --single-version-externally-managed install_data
