running egg_info
writing ../build/robo_project_pkg/robo_project_pkg.egg-info/PKG-INFO
writing dependency_links to ../build/robo_project_pkg/robo_project_pkg.egg-info/dependency_links.txt
writing requirements to ../build/robo_project_pkg/robo_project_pkg.egg-info/requires.txt
writing top-level names to ../build/robo_project_pkg/robo_project_pkg.egg-info/top_level.txt
reading manifest file '../build/robo_project_pkg/robo_project_pkg.egg-info/SOURCES.txt'
writing manifest file '../build/robo_project_pkg/robo_project_pkg.egg-info/SOURCES.txt'
running build
running build_py
copying robo_project_pkg/__init__.py -> /Users/srijanaraut/Desktop/robo_project/build/robo_project_pkg/build/lib/robo_project_pkg
running install
running install_lib
running install_data
copying launch/gz_launch.py -> /Users/srijanaraut/Desktop/robo_project/install/robo_project_pkg/share/robo_project_pkg/launch
copying urdf/three_dof_arm.urdf -> /Users/srijanaraut/Desktop/robo_project/install/robo_project_pkg/share/robo_project_pkg/urdf
copying resource/robo_project_pkg -> /Users/srijanaraut/Desktop/robo_project/install/robo_project_pkg/share/ament_index/resource_index/packages
copying package.xml -> /Users/srijanaraut/Desktop/robo_project/install/robo_project_pkg/share/robo_project_pkg
running install_egg_info
removing '/Users/srijanaraut/Desktop/robo_project/install/robo_project_pkg/lib/python3.11/site-packages/robo_project_pkg-0.1.0-py3.11.egg-info' (and everything under it)
Copying ../build/robo_project_pkg/robo_project_pkg.egg-info to /Users/srijanaraut/Desktop/robo_project/install/robo_project_pkg/lib/python3.11/site-packages/robo_project_pkg-0.1.0-py3.11.egg-info
running install_scripts
writing list of installed files to '/Users/srijanaraut/Desktop/robo_project/build/robo_project_pkg/install.log'
